<?xml version="1.0" encoding="UTF-8"?>
<!-- Generated by org.testng.reporters.JUnitReportReporter -->
<testsuite hostname="DESKTOP-7EBTGJK" failures="0" tests="1" name="com.ITestlisteners.TestNGbrowser" time="14.243" errors="0" timestamp="2021-12-30T11:59:53 IST" skipped="0">
  <testcase classname="com.ITestlisteners.TestNGbrowser" name="Googleverify" time="14.243"/>
  <system-out/>
</testsuite> <!-- com.ITestlisteners.TestNGbrowser -->
