<?xml version="1.0" encoding="UTF-8"?>
<!-- Generated by org.testng.reporters.JUnitReportReporter -->
<testsuite hostname="DESKTOP-7EBTGJK" failures="0" tests="3" name="com.commenmethods.MultiApplications" time="129.989" errors="0" timestamp="2021-12-29T17:13:37 IST" skipped="0">
  <testcase classname="com.commenmethods.MultiApplications" name="run" time="44.466"/>
  <system-out/>
  <testcase classname="com.commenmethods.MultiApplications" name="sent" time="57.351"/>
  <system-out/>
  <testcase classname="com.commenmethods.MultiApplications" name="move" time="28.172"/>
  <system-out/>
</testsuite> <!-- com.commenmethods.MultiApplications -->
