<?xml version="1.0" encoding="UTF-8"?>
<!-- Generated by org.testng.reporters.JUnitReportReporter -->
<testsuite hostname="DESKTOP-7EBTGJK" failures="0" tests="2" name="com.ITestlisteners.MyfirsttTestcase" time="17.746" errors="0" timestamp="2021-12-30T11:59:53 IST" skipped="0">
  <testcase classname="com.ITestlisteners.MyfirsttTestcase" name="Titlemach" time="0.002"/>
  <system-out/>
  <testcase classname="com.ITestlisteners.MyfirsttTestcase" name="GoogleTitle" time="17.744"/>
  <system-out/>
</testsuite> <!-- com.ITestlisteners.MyfirsttTestcase -->
